<?xml version='1.0' encoding='UTF-8' ?>
<!DOCTYPE dataset SYSTEM "./src/test/resources/dtd/topaze.dtd">
<dataset>
<bonpreparation id="1" reference="REF_BP_GLOBAL_RETOUR" dateInitiation="[now-7days]" idClient="1"  typeBonPreparation="RETOUR"  />
<elementlivraison id="2" reference="REF_EL" addresseLivraison="ADR_LIV" bonPreparationParent="1" retailerPackagerId="CODE_PRODUIT_1" dateInitiation="[now-7days]" acteur="PACKAGER" referenceProduit="REF_PRODUIT_1" typeBonPreparation="LIVRAISON"/>
</dataset>