<?xml version='1.0' encoding='UTF-8'?>
<!DOCTYPE dataset SYSTEM "./src/test/resources/dtd/topaze.dtd">
<dataset>

</dataset>